Running on:node09
Simu 0 has is permeability assigned !
Simu 1 has is permeability assigned !
Simu 2 has is permeability assigned !
Simu 3 has is permeability assigned !
Simu 4 has is permeability assigned !
Simu 5 has is permeability assigned !
Simu 6 has is permeability assigned !
Simu 7 has is permeability assigned !
Simu 8 has is permeability assigned !
Simu 9 has is permeability assigned !
Simu 10 has is permeability assigned !
Simu 11 has is permeability assigned !
Simu 12 has is permeability assigned !
Simu 13 has is permeability assigned !
Simu 14 has is permeability assigned !
Simu 15 has is permeability assigned !
Simu 16 has is permeability assigned !
Simu 17 has is permeability assigned !
Simu 18 has is permeability assigned !
Simu 19 has is permeability assigned !
All simu are done !

real	921m21.644s
user	0m0.006s
sys	0m0.006s
Normal terminaison